[INFO] [11:50:00.111] [JavaFX Application Thread] [] com.zzg.mybatis.generator.util.ConnectionManager.getConnection:20 --> database FilePath :F:\软件\mybatis-generator-gui\.\config\sqlite3.db
[INFO] [11:50:02.060] [JavaFX Application Thread] [] com.zzg.mybatis.generator.util.DbUtil.getConnectionUrlWithSchema:104 --> getConnectionUrlWithSchema, connection url: jdbc:sqlserver://47.92.74.25:1433;databaseName=ZFLDB
[INFO] [11:50:02.060] [JavaFX Application Thread] [] com.zzg.mybatis.generator.util.DbUtil.getTableNames:44 --> getTableNames, connection url: jdbc:sqlserver://47.92.74.25:1433;databaseName=ZFLDB
[INFO] [11:50:02.348] [JavaFX Application Thread] [] com.zzg.mybatis.generator.util.DbUtil.loadDbDriver:118 --> load driver class: SQLServerDriver:2
[INFO] [11:50:02.349] [JavaFX Application Thread] [] com.zzg.mybatis.generator.util.DbUtil.getConnectionUrlWithSchema:104 --> getConnectionUrlWithSchema, connection url: jdbc:sqlserver://47.92.74.25:1433;databaseName=ZFLDB
[INFO] [11:50:02.650] [JavaFX Application Thread] [] com.zzg.mybatis.generator.util.DbUtil.getConnection:38 --> getConnection, connection url: ConnectionID:1 ClientConnectionId: 8389d737-64e8-4bd3-84db-15d17e76e1fa
[INFO] [11:50:39.958] [JavaFX Application Thread] [] com.zzg.mybatis.generator.util.ConfigHelper.findConnectorLibPath:215 --> jar resource: jar:file:/F:/%e8%bd%af%e4%bb%b6/mybatis-generator-gui/mybatis-generator-gui.jar!/logback.xml
[INFO] [11:50:39.960] [JavaFX Application Thread] [] com.zzg.mybatis.generator.bridge.MybatisGeneratorBridge.generate:67 --> connectorLibPath: F:\软件\mybatis-generator-gui\lib\sqljdbc4-4.0.jar
[INFO] [11:50:39.961] [JavaFX Application Thread] [] com.zzg.mybatis.generator.util.DbUtil.getConnectionUrlWithSchema:104 --> getConnectionUrlWithSchema, connection url: jdbc:sqlserver://47.92.74.25:1433;databaseName=ZFLDB
[DEBUG] [11:50:40.147] [JavaFX Application Thread] [] org.mybatis.generator.logging.LogFactory.setImplementation:105 --> Logging initialized using 'org.mybatis.generator.logging.slf4j.Slf4jLoggingLogFactory@d06635b' adapter.
[DEBUG] [11:50:40.148] [JavaFX Application Thread] [] org.mybatis.generator.internal.db.DatabaseIntrospector.getColumns:506 --> Retrieving column information for table "ZFLDB..business_user"
[DEBUG] [11:50:40.220] [JavaFX Application Thread] [] org.mybatis.generator.internal.db.DatabaseIntrospector.getColumns:563 --> Found column "IId", data type 4, in table "ZFLDB.dbo.business_user"
[DEBUG] [11:50:40.221] [JavaFX Application Thread] [] org.mybatis.generator.internal.db.DatabaseIntrospector.getColumns:563 --> Found column "CCount", data type 12, in table "ZFLDB.dbo.business_user"
[DEBUG] [11:50:40.221] [JavaFX Application Thread] [] org.mybatis.generator.internal.db.DatabaseIntrospector.getColumns:563 --> Found column "CAgent_number", data type 12, in table "ZFLDB.dbo.business_user"
[DEBUG] [11:50:40.221] [JavaFX Application Thread] [] org.mybatis.generator.internal.db.DatabaseIntrospector.getColumns:563 --> Found column "CName", data type 12, in table "ZFLDB.dbo.business_user"
[DEBUG] [11:50:40.222] [JavaFX Application Thread] [] org.mybatis.generator.internal.db.DatabaseIntrospector.getColumns:563 --> Found column "CPassword", data type 12, in table "ZFLDB.dbo.business_user"
[DEBUG] [11:50:40.222] [JavaFX Application Thread] [] org.mybatis.generator.internal.db.DatabaseIntrospector.getColumns:563 --> Found column "CType", data type 12, in table "ZFLDB.dbo.business_user"
[DEBUG] [11:50:40.222] [JavaFX Application Thread] [] org.mybatis.generator.internal.db.DatabaseIntrospector.getColumns:563 --> Found column "groupid", data type 4, in table "ZFLDB.dbo.business_user"
[DEBUG] [11:50:40.223] [JavaFX Application Thread] [] org.mybatis.generator.internal.db.DatabaseIntrospector.getColumns:563 --> Found column "IStatus", data type 4, in table "ZFLDB.dbo.business_user"
[DEBUG] [11:50:40.223] [JavaFX Application Thread] [] org.mybatis.generator.internal.db.DatabaseIntrospector.getColumns:563 --> Found column "CEmail", data type 12, in table "ZFLDB.dbo.business_user"
[DEBUG] [11:50:40.223] [JavaFX Application Thread] [] org.mybatis.generator.internal.db.DatabaseIntrospector.getColumns:563 --> Found column "CCellphone", data type 12, in table "ZFLDB.dbo.business_user"
[DEBUG] [11:50:40.224] [JavaFX Application Thread] [] org.mybatis.generator.internal.db.DatabaseIntrospector.getColumns:563 --> Found column "CRegiste_time", data type 12, in table "ZFLDB.dbo.business_user"
[DEBUG] [11:50:40.224] [JavaFX Application Thread] [] org.mybatis.generator.internal.db.DatabaseIntrospector.getColumns:563 --> Found column "R1", data type 12, in table "ZFLDB.dbo.business_user"
[DEBUG] [11:50:40.224] [JavaFX Application Thread] [] org.mybatis.generator.internal.db.DatabaseIntrospector.getColumns:563 --> Found column "R2", data type 12, in table "ZFLDB.dbo.business_user"
[DEBUG] [11:50:40.225] [JavaFX Application Thread] [] org.mybatis.generator.internal.db.DatabaseIntrospector.getColumns:563 --> Found column "bu_level", data type 4, in table "ZFLDB.dbo.business_user"
[DEBUG] [11:50:40.225] [JavaFX Application Thread] [] org.mybatis.generator.internal.db.DatabaseIntrospector.getColumns:563 --> Found column "cParents_acount", data type 12, in table "ZFLDB.dbo.business_user"
[INFO] [11:51:11.332] [JavaFX Application Thread] [] com.zzg.mybatis.generator.util.ConfigHelper.findConnectorLibPath:215 --> jar resource: jar:file:/F:/%e8%bd%af%e4%bb%b6/mybatis-generator-gui/mybatis-generator-gui.jar!/logback.xml
[INFO] [11:51:11.333] [JavaFX Application Thread] [] com.zzg.mybatis.generator.bridge.MybatisGeneratorBridge.generate:67 --> connectorLibPath: F:\软件\mybatis-generator-gui\lib\sqljdbc4-4.0.jar
[INFO] [11:51:11.333] [JavaFX Application Thread] [] com.zzg.mybatis.generator.util.DbUtil.getConnectionUrlWithSchema:104 --> getConnectionUrlWithSchema, connection url: jdbc:sqlserver://47.92.74.25:1433;databaseName=ZFLDB
[DEBUG] [11:51:11.496] [JavaFX Application Thread] [] org.mybatis.generator.internal.db.DatabaseIntrospector.getColumns:506 --> Retrieving column information for table "ZFLDB..Makeup"
[DEBUG] [11:51:11.557] [JavaFX Application Thread] [] org.mybatis.generator.internal.db.DatabaseIntrospector.getColumns:563 --> Found column "IId", data type 4, in table "ZFLDB.dbo.Makeup"
[DEBUG] [11:51:11.558] [JavaFX Application Thread] [] org.mybatis.generator.internal.db.DatabaseIntrospector.getColumns:563 --> Found column "CServerNum", data type 12, in table "ZFLDB.dbo.Makeup"
[DEBUG] [11:51:11.558] [JavaFX Application Thread] [] org.mybatis.generator.internal.db.DatabaseIntrospector.getColumns:563 --> Found column "IType", data type 4, in table "ZFLDB.dbo.Makeup"
[DEBUG] [11:51:11.559] [JavaFX Application Thread] [] org.mybatis.generator.internal.db.DatabaseIntrospector.getColumns:563 --> Found column "CDome", data type 12, in table "ZFLDB.dbo.Makeup"
[DEBUG] [11:51:11.559] [JavaFX Application Thread] [] org.mybatis.generator.internal.db.DatabaseIntrospector.getColumns:563 --> Found column "CPerAmount", data type 12, in table "ZFLDB.dbo.Makeup"
[DEBUG] [11:51:11.559] [JavaFX Application Thread] [] org.mybatis.generator.internal.db.DatabaseIntrospector.getColumns:563 --> Found column "CAmount", data type 12, in table "ZFLDB.dbo.Makeup"
[DEBUG] [11:51:11.559] [JavaFX Application Thread] [] org.mybatis.generator.internal.db.DatabaseIntrospector.getColumns:563 --> Found column "CFeeAmount", data type 12, in table "ZFLDB.dbo.Makeup"
[DEBUG] [11:51:11.561] [JavaFX Application Thread] [] org.mybatis.generator.internal.db.DatabaseIntrospector.getColumns:563 --> Found column "CTransNum", data type 12, in table "ZFLDB.dbo.Makeup"
[DEBUG] [11:51:11.561] [JavaFX Application Thread] [] org.mybatis.generator.internal.db.DatabaseIntrospector.getColumns:563 --> Found column "IQRId", data type 4, in table "ZFLDB.dbo.Makeup"
[DEBUG] [11:51:11.561] [JavaFX Application Thread] [] org.mybatis.generator.internal.db.DatabaseIntrospector.getColumns:563 --> Found column "CStatus", data type 12, in table "ZFLDB.dbo.Makeup"
[DEBUG] [11:51:11.561] [JavaFX Application Thread] [] org.mybatis.generator.internal.db.DatabaseIntrospector.getColumns:563 --> Found column "IIsCallback", data type 4, in table "ZFLDB.dbo.Makeup"
[DEBUG] [11:51:11.561] [JavaFX Application Thread] [] org.mybatis.generator.internal.db.DatabaseIntrospector.getColumns:563 --> Found column "CTranTime", data type 12, in table "ZFLDB.dbo.Makeup"
[DEBUG] [11:51:11.562] [JavaFX Application Thread] [] org.mybatis.generator.internal.db.DatabaseIntrospector.getColumns:563 --> Found column "CNotifyUrl", data type 12, in table "ZFLDB.dbo.Makeup"
[DEBUG] [11:51:11.562] [JavaFX Application Thread] [] org.mybatis.generator.internal.db.DatabaseIntrospector.getColumns:563 --> Found column "CGoodsName", data type 12, in table "ZFLDB.dbo.Makeup"
[DEBUG] [11:51:11.562] [JavaFX Application Thread] [] org.mybatis.generator.internal.db.DatabaseIntrospector.getColumns:563 --> Found column "CGoodsInfo", data type 12, in table "ZFLDB.dbo.Makeup"
[DEBUG] [11:51:11.564] [JavaFX Application Thread] [] org.mybatis.generator.internal.db.DatabaseIntrospector.getColumns:563 --> Found column "CGoodsNum", data type 12, in table "ZFLDB.dbo.Makeup"
[DEBUG] [11:51:11.564] [JavaFX Application Thread] [] org.mybatis.generator.internal.db.DatabaseIntrospector.getColumns:563 --> Found column "CBuyerName", data type 12, in table "ZFLDB.dbo.Makeup"
[DEBUG] [11:51:11.564] [JavaFX Application Thread] [] org.mybatis.generator.internal.db.DatabaseIntrospector.getColumns:563 --> Found column "CContact", data type 12, in table "ZFLDB.dbo.Makeup"
[DEBUG] [11:51:11.564] [JavaFX Application Thread] [] org.mybatis.generator.internal.db.DatabaseIntrospector.getColumns:563 --> Found column "R1", data type 12, in table "ZFLDB.dbo.Makeup"
[DEBUG] [11:51:11.565] [JavaFX Application Thread] [] org.mybatis.generator.internal.db.DatabaseIntrospector.getColumns:563 --> Found column "R2", data type 12, in table "ZFLDB.dbo.Makeup"
[INFO] [11:51:26.112] [JavaFX Application Thread] [] com.zzg.mybatis.generator.util.ConfigHelper.findConnectorLibPath:215 --> jar resource: jar:file:/F:/%e8%bd%af%e4%bb%b6/mybatis-generator-gui/mybatis-generator-gui.jar!/logback.xml
[INFO] [11:51:26.113] [JavaFX Application Thread] [] com.zzg.mybatis.generator.bridge.MybatisGeneratorBridge.generate:67 --> connectorLibPath: F:\软件\mybatis-generator-gui\lib\sqljdbc4-4.0.jar
[INFO] [11:51:26.113] [JavaFX Application Thread] [] com.zzg.mybatis.generator.util.DbUtil.getConnectionUrlWithSchema:104 --> getConnectionUrlWithSchema, connection url: jdbc:sqlserver://47.92.74.25:1433;databaseName=ZFLDB
[DEBUG] [11:51:26.331] [JavaFX Application Thread] [] org.mybatis.generator.internal.db.DatabaseIntrospector.getColumns:506 --> Retrieving column information for table "ZFLDB..Pay_QR_Code"
[DEBUG] [11:51:26.390] [JavaFX Application Thread] [] org.mybatis.generator.internal.db.DatabaseIntrospector.getColumns:563 --> Found column "IId", data type 4, in table "ZFLDB.dbo.Pay_QR_Code"
[DEBUG] [11:51:26.391] [JavaFX Application Thread] [] org.mybatis.generator.internal.db.DatabaseIntrospector.getColumns:563 --> Found column "Pay_type", data type 4, in table "ZFLDB.dbo.Pay_QR_Code"
[DEBUG] [11:51:26.391] [JavaFX Application Thread] [] org.mybatis.generator.internal.db.DatabaseIntrospector.getColumns:563 --> Found column "Pay_QR", data type 12, in table "ZFLDB.dbo.Pay_QR_Code"
[DEBUG] [11:51:26.391] [JavaFX Application Thread] [] org.mybatis.generator.internal.db.DatabaseIntrospector.getColumns:563 --> Found column "Callback_Interface", data type 12, in table "ZFLDB.dbo.Pay_QR_Code"
[DEBUG] [11:51:26.391] [JavaFX Application Thread] [] org.mybatis.generator.internal.db.DatabaseIntrospector.getColumns:563 --> Found column "CServer_num", data type 12, in table "ZFLDB.dbo.Pay_QR_Code"
[DEBUG] [11:51:26.392] [JavaFX Application Thread] [] org.mybatis.generator.internal.db.DatabaseIntrospector.getColumns:563 --> Found column "FFixed_amount", data type 8, in table "ZFLDB.dbo.Pay_QR_Code"
[DEBUG] [11:51:26.392] [JavaFX Application Thread] [] org.mybatis.generator.internal.db.DatabaseIntrospector.getColumns:563 --> Found column "CPay_type", data type 12, in table "ZFLDB.dbo.Pay_QR_Code"
[DEBUG] [11:51:26.392] [JavaFX Application Thread] [] org.mybatis.generator.internal.db.DatabaseIntrospector.getColumns:563 --> Found column "FDaily_transaction_amount", data type 8, in table "ZFLDB.dbo.Pay_QR_Code"
[DEBUG] [11:51:26.393] [JavaFX Application Thread] [] org.mybatis.generator.internal.db.DatabaseIntrospector.getColumns:563 --> Found column "FSum_transaction_amount", data type 8, in table "ZFLDB.dbo.Pay_QR_Code"
[DEBUG] [11:51:26.393] [JavaFX Application Thread] [] org.mybatis.generator.internal.db.DatabaseIntrospector.getColumns:563 --> Found column "R1", data type 12, in table "ZFLDB.dbo.Pay_QR_Code"
[DEBUG] [11:51:26.393] [JavaFX Application Thread] [] org.mybatis.generator.internal.db.DatabaseIntrospector.getColumns:563 --> Found column "R2", data type 12, in table "ZFLDB.dbo.Pay_QR_Code"
[DEBUG] [11:51:26.394] [JavaFX Application Thread] [] org.mybatis.generator.internal.db.DatabaseIntrospector.getColumns:563 --> Found column "use_bank", data type -7, in table "ZFLDB.dbo.Pay_QR_Code"
[DEBUG] [11:51:26.394] [JavaFX Application Thread] [] org.mybatis.generator.internal.db.DatabaseIntrospector.getColumns:563 --> Found column "ali_account", data type 12, in table "ZFLDB.dbo.Pay_QR_Code"
[DEBUG] [11:51:26.394] [JavaFX Application Thread] [] org.mybatis.generator.internal.db.DatabaseIntrospector.getColumns:563 --> Found column "R3", data type 12, in table "ZFLDB.dbo.Pay_QR_Code"
[DEBUG] [11:51:26.395] [JavaFX Application Thread] [] org.mybatis.generator.internal.db.DatabaseIntrospector.getColumns:563 --> Found column "R4", data type 12, in table "ZFLDB.dbo.Pay_QR_Code"
[DEBUG] [11:51:26.395] [JavaFX Application Thread] [] org.mybatis.generator.internal.db.DatabaseIntrospector.getColumns:563 --> Found column "R5", data type 12, in table "ZFLDB.dbo.Pay_QR_Code"
[INFO] [11:51:32.878] [JavaFX Application Thread] [] com.zzg.mybatis.generator.util.ConfigHelper.findConnectorLibPath:215 --> jar resource: jar:file:/F:/%e8%bd%af%e4%bb%b6/mybatis-generator-gui/mybatis-generator-gui.jar!/logback.xml
[INFO] [11:51:32.878] [JavaFX Application Thread] [] com.zzg.mybatis.generator.bridge.MybatisGeneratorBridge.generate:67 --> connectorLibPath: F:\软件\mybatis-generator-gui\lib\sqljdbc4-4.0.jar
[INFO] [11:51:32.879] [JavaFX Application Thread] [] com.zzg.mybatis.generator.util.DbUtil.getConnectionUrlWithSchema:104 --> getConnectionUrlWithSchema, connection url: jdbc:sqlserver://47.92.74.25:1433;databaseName=ZFLDB
[DEBUG] [11:51:33.042] [JavaFX Application Thread] [] org.mybatis.generator.internal.db.DatabaseIntrospector.getColumns:506 --> Retrieving column information for table "ZFLDB..pay_type"
[DEBUG] [11:51:33.104] [JavaFX Application Thread] [] org.mybatis.generator.internal.db.DatabaseIntrospector.getColumns:563 --> Found column "iid", data type 4, in table "ZFLDB.dbo.pay_type"
[DEBUG] [11:51:33.104] [JavaFX Application Thread] [] org.mybatis.generator.internal.db.DatabaseIntrospector.getColumns:563 --> Found column "typename", data type 12, in table "ZFLDB.dbo.pay_type"
[INFO] [11:51:41.693] [JavaFX Application Thread] [] com.zzg.mybatis.generator.util.ConfigHelper.findConnectorLibPath:215 --> jar resource: jar:file:/F:/%e8%bd%af%e4%bb%b6/mybatis-generator-gui/mybatis-generator-gui.jar!/logback.xml
[INFO] [11:51:41.693] [JavaFX Application Thread] [] com.zzg.mybatis.generator.bridge.MybatisGeneratorBridge.generate:67 --> connectorLibPath: F:\软件\mybatis-generator-gui\lib\sqljdbc4-4.0.jar
[INFO] [11:51:41.694] [JavaFX Application Thread] [] com.zzg.mybatis.generator.util.DbUtil.getConnectionUrlWithSchema:104 --> getConnectionUrlWithSchema, connection url: jdbc:sqlserver://47.92.74.25:1433;databaseName=ZFLDB
[DEBUG] [11:51:41.851] [JavaFX Application Thread] [] org.mybatis.generator.internal.db.DatabaseIntrospector.getColumns:506 --> Retrieving column information for table "ZFLDB..provider_rela"
[DEBUG] [11:51:41.944] [JavaFX Application Thread] [] org.mybatis.generator.internal.db.DatabaseIntrospector.getColumns:563 --> Found column "IId", data type 4, in table "ZFLDB.dbo.provider_rela"
[DEBUG] [11:51:41.946] [JavaFX Application Thread] [] org.mybatis.generator.internal.db.DatabaseIntrospector.getColumns:563 --> Found column "c_code_provider", data type 12, in table "ZFLDB.dbo.provider_rela"
[DEBUG] [11:51:41.947] [JavaFX Application Thread] [] org.mybatis.generator.internal.db.DatabaseIntrospector.getColumns:563 --> Found column "c_server_num", data type 12, in table "ZFLDB.dbo.provider_rela"
[DEBUG] [11:51:41.948] [JavaFX Application Thread] [] org.mybatis.generator.internal.db.DatabaseIntrospector.getColumns:563 --> Found column "c_pay_type", data type 4, in table "ZFLDB.dbo.provider_rela"
[DEBUG] [11:51:41.949] [JavaFX Application Thread] [] org.mybatis.generator.internal.db.DatabaseIntrospector.getColumns:563 --> Found column "R1", data type 12, in table "ZFLDB.dbo.provider_rela"
[DEBUG] [11:51:41.950] [JavaFX Application Thread] [] org.mybatis.generator.internal.db.DatabaseIntrospector.getColumns:563 --> Found column "R2", data type 12, in table "ZFLDB.dbo.provider_rela"
[INFO] [11:51:51.707] [JavaFX Application Thread] [] com.zzg.mybatis.generator.util.ConfigHelper.findConnectorLibPath:215 --> jar resource: jar:file:/F:/%e8%bd%af%e4%bb%b6/mybatis-generator-gui/mybatis-generator-gui.jar!/logback.xml
[INFO] [11:51:51.708] [JavaFX Application Thread] [] com.zzg.mybatis.generator.bridge.MybatisGeneratorBridge.generate:67 --> connectorLibPath: F:\软件\mybatis-generator-gui\lib\sqljdbc4-4.0.jar
[INFO] [11:51:51.708] [JavaFX Application Thread] [] com.zzg.mybatis.generator.util.DbUtil.getConnectionUrlWithSchema:104 --> getConnectionUrlWithSchema, connection url: jdbc:sqlserver://47.92.74.25:1433;databaseName=ZFLDB
[DEBUG] [11:51:51.916] [JavaFX Application Thread] [] org.mybatis.generator.internal.db.DatabaseIntrospector.getColumns:506 --> Retrieving column information for table "ZFLDB..RSA"
[DEBUG] [11:51:52.007] [JavaFX Application Thread] [] org.mybatis.generator.internal.db.DatabaseIntrospector.getColumns:563 --> Found column "IId", data type 4, in table "ZFLDB.dbo.RSA"
[DEBUG] [11:51:52.007] [JavaFX Application Thread] [] org.mybatis.generator.internal.db.DatabaseIntrospector.getColumns:563 --> Found column "serverNum", data type 12, in table "ZFLDB.dbo.RSA"
[DEBUG] [11:51:52.008] [JavaFX Application Thread] [] org.mybatis.generator.internal.db.DatabaseIntrospector.getColumns:563 --> Found column "publicKey", data type 12, in table "ZFLDB.dbo.RSA"
[DEBUG] [11:51:52.009] [JavaFX Application Thread] [] org.mybatis.generator.internal.db.DatabaseIntrospector.getColumns:563 --> Found column "privateKey", data type 12, in table "ZFLDB.dbo.RSA"
[DEBUG] [11:51:52.009] [JavaFX Application Thread] [] org.mybatis.generator.internal.db.DatabaseIntrospector.getColumns:563 --> Found column "createTime", data type 12, in table "ZFLDB.dbo.RSA"
[DEBUG] [11:51:52.009] [JavaFX Application Thread] [] org.mybatis.generator.internal.db.DatabaseIntrospector.getColumns:563 --> Found column "R1", data type 12, in table "ZFLDB.dbo.RSA"
[DEBUG] [11:51:52.010] [JavaFX Application Thread] [] org.mybatis.generator.internal.db.DatabaseIntrospector.getColumns:563 --> Found column "R2", data type 12, in table "ZFLDB.dbo.RSA"
[INFO] [16:25:36.033] [JavaFX Application Thread] [] com.zzg.mybatis.generator.util.ConnectionManager.getConnection:20 --> database FilePath :F:\软件\mybatis-generator-gui\.\config\sqlite3.db
[INFO] [16:25:37.958] [JavaFX Application Thread] [] com.zzg.mybatis.generator.util.DbUtil.getConnectionUrlWithSchema:104 --> getConnectionUrlWithSchema, connection url: jdbc:sqlserver://47.92.74.25:1433;databaseName=ZFLDB
[INFO] [16:25:37.958] [JavaFX Application Thread] [] com.zzg.mybatis.generator.util.DbUtil.getTableNames:44 --> getTableNames, connection url: jdbc:sqlserver://47.92.74.25:1433;databaseName=ZFLDB
[INFO] [16:25:38.273] [JavaFX Application Thread] [] com.zzg.mybatis.generator.util.DbUtil.loadDbDriver:118 --> load driver class: SQLServerDriver:2
[INFO] [16:25:38.274] [JavaFX Application Thread] [] com.zzg.mybatis.generator.util.DbUtil.getConnectionUrlWithSchema:104 --> getConnectionUrlWithSchema, connection url: jdbc:sqlserver://47.92.74.25:1433;databaseName=ZFLDB
[INFO] [16:25:38.581] [JavaFX Application Thread] [] com.zzg.mybatis.generator.util.DbUtil.getConnection:38 --> getConnection, connection url: ConnectionID:1 ClientConnectionId: ad473022-5b92-4775-a44c-cdb259e35749
[INFO] [16:26:18.601] [JavaFX Application Thread] [] com.zzg.mybatis.generator.util.ConfigHelper.findConnectorLibPath:215 --> jar resource: jar:file:/F:/%e8%bd%af%e4%bb%b6/mybatis-generator-gui/mybatis-generator-gui.jar!/logback.xml
[INFO] [16:26:18.603] [JavaFX Application Thread] [] com.zzg.mybatis.generator.bridge.MybatisGeneratorBridge.generate:67 --> connectorLibPath: F:\软件\mybatis-generator-gui\lib\sqljdbc4-4.0.jar
[INFO] [16:26:18.605] [JavaFX Application Thread] [] com.zzg.mybatis.generator.util.DbUtil.getConnectionUrlWithSchema:104 --> getConnectionUrlWithSchema, connection url: jdbc:sqlserver://47.92.74.25:1433;databaseName=ZFLDB
[DEBUG] [16:26:18.809] [JavaFX Application Thread] [] org.mybatis.generator.logging.LogFactory.setImplementation:105 --> Logging initialized using 'org.mybatis.generator.logging.slf4j.Slf4jLoggingLogFactory@2e6b8714' adapter.
[DEBUG] [16:26:18.811] [JavaFX Application Thread] [] org.mybatis.generator.internal.db.DatabaseIntrospector.getColumns:506 --> Retrieving column information for table "ZFLDB..Recharge"
[DEBUG] [16:26:18.878] [JavaFX Application Thread] [] org.mybatis.generator.internal.db.DatabaseIntrospector.getColumns:563 --> Found column "IId", data type 4, in table "ZFLDB.dbo.Recharge"
[DEBUG] [16:26:18.879] [JavaFX Application Thread] [] org.mybatis.generator.internal.db.DatabaseIntrospector.getColumns:563 --> Found column "CServer_num", data type 12, in table "ZFLDB.dbo.Recharge"
[DEBUG] [16:26:18.879] [JavaFX Application Thread] [] org.mybatis.generator.internal.db.DatabaseIntrospector.getColumns:563 --> Found column "FRecharge_amount", data type 8, in table "ZFLDB.dbo.Recharge"
[DEBUG] [16:26:18.879] [JavaFX Application Thread] [] org.mybatis.generator.internal.db.DatabaseIntrospector.getColumns:563 --> Found column "CRecharge_method", data type 12, in table "ZFLDB.dbo.Recharge"
[DEBUG] [16:26:18.880] [JavaFX Application Thread] [] org.mybatis.generator.internal.db.DatabaseIntrospector.getColumns:563 --> Found column "CCurrency", data type 12, in table "ZFLDB.dbo.Recharge"
[DEBUG] [16:26:18.880] [JavaFX Application Thread] [] org.mybatis.generator.internal.db.DatabaseIntrospector.getColumns:563 --> Found column "CTime", data type 12, in table "ZFLDB.dbo.Recharge"
[DEBUG] [16:26:18.880] [JavaFX Application Thread] [] org.mybatis.generator.internal.db.DatabaseIntrospector.getColumns:563 --> Found column "FBalance", data type 8, in table "ZFLDB.dbo.Recharge"
[DEBUG] [16:26:18.881] [JavaFX Application Thread] [] org.mybatis.generator.internal.db.DatabaseIntrospector.getColumns:563 --> Found column "R1", data type 12, in table "ZFLDB.dbo.Recharge"
[DEBUG] [16:26:18.881] [JavaFX Application Thread] [] org.mybatis.generator.internal.db.DatabaseIntrospector.getColumns:563 --> Found column "R2", data type 12, in table "ZFLDB.dbo.Recharge"
[INFO] [16:49:20.581] [JavaFX Application Thread] [] com.zzg.mybatis.generator.util.ConfigHelper.findConnectorLibPath:215 --> jar resource: jar:file:/F:/%e8%bd%af%e4%bb%b6/mybatis-generator-gui/mybatis-generator-gui.jar!/logback.xml
[INFO] [16:49:20.586] [JavaFX Application Thread] [] com.zzg.mybatis.generator.bridge.MybatisGeneratorBridge.generate:67 --> connectorLibPath: F:\软件\mybatis-generator-gui\lib\sqljdbc4-4.0.jar
[INFO] [16:49:20.587] [JavaFX Application Thread] [] com.zzg.mybatis.generator.util.DbUtil.getConnectionUrlWithSchema:104 --> getConnectionUrlWithSchema, connection url: jdbc:sqlserver://47.92.74.25:1433;databaseName=ZFLDB
[DEBUG] [16:49:20.782] [JavaFX Application Thread] [] org.mybatis.generator.internal.db.DatabaseIntrospector.getColumns:506 --> Retrieving column information for table "ZFLDB..Rates"
[DEBUG] [16:49:20.851] [JavaFX Application Thread] [] org.mybatis.generator.internal.db.DatabaseIntrospector.getColumns:563 --> Found column "IId", data type 4, in table "ZFLDB.dbo.Rates"
[DEBUG] [16:49:21.229] [JavaFX Application Thread] [] org.mybatis.generator.internal.db.DatabaseIntrospector.getColumns:563 --> Found column "CServer_num", data type 12, in table "ZFLDB.dbo.Rates"
[DEBUG] [16:49:21.229] [JavaFX Application Thread] [] org.mybatis.generator.internal.db.DatabaseIntrospector.getColumns:563 --> Found column "IType", data type 4, in table "ZFLDB.dbo.Rates"
[DEBUG] [16:49:21.230] [JavaFX Application Thread] [] org.mybatis.generator.internal.db.DatabaseIntrospector.getColumns:563 --> Found column "FRate", data type 8, in table "ZFLDB.dbo.Rates"
[DEBUG] [16:49:21.230] [JavaFX Application Thread] [] org.mybatis.generator.internal.db.DatabaseIntrospector.getColumns:563 --> Found column "ITheWay", data type 4, in table "ZFLDB.dbo.Rates"
[DEBUG] [16:49:21.230] [JavaFX Application Thread] [] org.mybatis.generator.internal.db.DatabaseIntrospector.getColumns:563 --> Found column "R1", data type 12, in table "ZFLDB.dbo.Rates"
[DEBUG] [16:49:21.231] [JavaFX Application Thread] [] org.mybatis.generator.internal.db.DatabaseIntrospector.getColumns:563 --> Found column "R2", data type 12, in table "ZFLDB.dbo.Rates"
[INFO] [17:30:50.474] [JavaFX Application Thread] [] com.zzg.mybatis.generator.util.ConfigHelper.findConnectorLibPath:215 --> jar resource: jar:file:/F:/%e8%bd%af%e4%bb%b6/mybatis-generator-gui/mybatis-generator-gui.jar!/logback.xml
[INFO] [17:30:50.475] [JavaFX Application Thread] [] com.zzg.mybatis.generator.bridge.MybatisGeneratorBridge.generate:67 --> connectorLibPath: F:\软件\mybatis-generator-gui\lib\sqljdbc4-4.0.jar
[INFO] [17:30:50.476] [JavaFX Application Thread] [] com.zzg.mybatis.generator.util.DbUtil.getConnectionUrlWithSchema:104 --> getConnectionUrlWithSchema, connection url: jdbc:sqlserver://47.92.74.25:1433;databaseName=ZFLDB
[DEBUG] [17:30:50.640] [JavaFX Application Thread] [] org.mybatis.generator.internal.db.DatabaseIntrospector.getColumns:506 --> Retrieving column information for table "ZFLDB..coder_recharge"
[DEBUG] [17:30:50.706] [JavaFX Application Thread] [] org.mybatis.generator.internal.db.DatabaseIntrospector.getColumns:563 --> Found column "iid", data type 4, in table "ZFLDB.dbo.coder_recharge"
[DEBUG] [17:30:50.706] [JavaFX Application Thread] [] org.mybatis.generator.internal.db.DatabaseIntrospector.getColumns:563 --> Found column "server_num", data type 12, in table "ZFLDB.dbo.coder_recharge"
[DEBUG] [17:30:50.707] [JavaFX Application Thread] [] org.mybatis.generator.internal.db.DatabaseIntrospector.getColumns:563 --> Found column "amount", data type 12, in table "ZFLDB.dbo.coder_recharge"
[DEBUG] [17:30:50.707] [JavaFX Application Thread] [] org.mybatis.generator.internal.db.DatabaseIntrospector.getColumns:563 --> Found column "r_type", data type 12, in table "ZFLDB.dbo.coder_recharge"
[DEBUG] [17:30:50.707] [JavaFX Application Thread] [] org.mybatis.generator.internal.db.DatabaseIntrospector.getColumns:563 --> Found column "r_time", data type 12, in table "ZFLDB.dbo.coder_recharge"
[DEBUG] [17:30:50.708] [JavaFX Application Thread] [] org.mybatis.generator.internal.db.DatabaseIntrospector.getColumns:563 --> Found column "curr_amount", data type 12, in table "ZFLDB.dbo.coder_recharge"
[DEBUG] [17:30:50.708] [JavaFX Application Thread] [] org.mybatis.generator.internal.db.DatabaseIntrospector.getColumns:563 --> Found column "r1", data type 12, in table "ZFLDB.dbo.coder_recharge"
[DEBUG] [17:30:50.708] [JavaFX Application Thread] [] org.mybatis.generator.internal.db.DatabaseIntrospector.getColumns:563 --> Found column "r2", data type 12, in table "ZFLDB.dbo.coder_recharge"
