[INFO] [14:42:22.554] [JavaFX Application Thread] [] com.zzg.mybatis.generator.util.ConnectionManager.getConnection:20 --> database FilePath :F:\软件\mybatis-generator-gui\.\config\sqlite3.db
[INFO] [14:42:24.954] [JavaFX Application Thread] [] com.zzg.mybatis.generator.util.DbUtil.getConnectionUrlWithSchema:104 --> getConnectionUrlWithSchema, connection url: jdbc:sqlserver://47.92.74.25:1433;databaseName=ZFLDB
[INFO] [14:42:24.954] [JavaFX Application Thread] [] com.zzg.mybatis.generator.util.DbUtil.getTableNames:44 --> getTableNames, connection url: jdbc:sqlserver://47.92.74.25:1433;databaseName=ZFLDB
[INFO] [14:42:25.217] [JavaFX Application Thread] [] com.zzg.mybatis.generator.util.DbUtil.loadDbDriver:118 --> load driver class: SQLServerDriver:2
[INFO] [14:42:25.217] [JavaFX Application Thread] [] com.zzg.mybatis.generator.util.DbUtil.getConnectionUrlWithSchema:104 --> getConnectionUrlWithSchema, connection url: jdbc:sqlserver://47.92.74.25:1433;databaseName=ZFLDB
[INFO] [14:42:25.542] [JavaFX Application Thread] [] com.zzg.mybatis.generator.util.DbUtil.getConnection:38 --> getConnection, connection url: ConnectionID:1 ClientConnectionId: dd8dbc8a-cc01-424e-9af4-86a870f38875
[INFO] [14:42:57.430] [JavaFX Application Thread] [] com.zzg.mybatis.generator.util.ConfigHelper.findConnectorLibPath:215 --> jar resource: jar:file:/F:/%e8%bd%af%e4%bb%b6/mybatis-generator-gui/mybatis-generator-gui.jar!/logback.xml
[INFO] [14:42:57.431] [JavaFX Application Thread] [] com.zzg.mybatis.generator.bridge.MybatisGeneratorBridge.generate:67 --> connectorLibPath: F:\软件\mybatis-generator-gui\lib\sqljdbc4-4.0.jar
[INFO] [14:42:57.434] [JavaFX Application Thread] [] com.zzg.mybatis.generator.util.DbUtil.getConnectionUrlWithSchema:104 --> getConnectionUrlWithSchema, connection url: jdbc:sqlserver://47.92.74.25:1433;databaseName=ZFLDB
[DEBUG] [14:42:57.646] [JavaFX Application Thread] [] org.mybatis.generator.logging.LogFactory.setImplementation:105 --> Logging initialized using 'org.mybatis.generator.logging.slf4j.Slf4jLoggingLogFactory@605c7286' adapter.
[DEBUG] [14:42:57.650] [JavaFX Application Thread] [] org.mybatis.generator.internal.db.DatabaseIntrospector.getColumns:506 --> Retrieving column information for table "ZFLDB..Banks"
[DEBUG] [14:42:57.732] [JavaFX Application Thread] [] org.mybatis.generator.internal.db.DatabaseIntrospector.getColumns:563 --> Found column "IId", data type 4, in table "ZFLDB.dbo.Banks"
[DEBUG] [14:42:57.733] [JavaFX Application Thread] [] org.mybatis.generator.internal.db.DatabaseIntrospector.getColumns:563 --> Found column "Pay_type", data type 4, in table "ZFLDB.dbo.Banks"
[DEBUG] [14:42:57.733] [JavaFX Application Thread] [] org.mybatis.generator.internal.db.DatabaseIntrospector.getColumns:563 --> Found column "CAcount", data type 12, in table "ZFLDB.dbo.Banks"
[DEBUG] [14:42:57.734] [JavaFX Application Thread] [] org.mybatis.generator.internal.db.DatabaseIntrospector.getColumns:563 --> Found column "CName", data type 12, in table "ZFLDB.dbo.Banks"
[DEBUG] [14:42:57.734] [JavaFX Application Thread] [] org.mybatis.generator.internal.db.DatabaseIntrospector.getColumns:563 --> Found column "CBankBranch", data type 12, in table "ZFLDB.dbo.Banks"
[DEBUG] [14:42:57.734] [JavaFX Application Thread] [] org.mybatis.generator.internal.db.DatabaseIntrospector.getColumns:563 --> Found column "Callback_Interface", data type 12, in table "ZFLDB.dbo.Banks"
[DEBUG] [14:42:57.735] [JavaFX Application Thread] [] org.mybatis.generator.internal.db.DatabaseIntrospector.getColumns:563 --> Found column "CServer_num", data type 12, in table "ZFLDB.dbo.Banks"
[DEBUG] [14:42:57.735] [JavaFX Application Thread] [] org.mybatis.generator.internal.db.DatabaseIntrospector.getColumns:563 --> Found column "CSubServerNum", data type 12, in table "ZFLDB.dbo.Banks"
[DEBUG] [14:42:57.735] [JavaFX Application Thread] [] org.mybatis.generator.internal.db.DatabaseIntrospector.getColumns:563 --> Found column "FFixed_amount", data type 8, in table "ZFLDB.dbo.Banks"
[DEBUG] [14:42:57.736] [JavaFX Application Thread] [] org.mybatis.generator.internal.db.DatabaseIntrospector.getColumns:563 --> Found column "CPay_type", data type 12, in table "ZFLDB.dbo.Banks"
[DEBUG] [14:42:57.736] [JavaFX Application Thread] [] org.mybatis.generator.internal.db.DatabaseIntrospector.getColumns:563 --> Found column "FDaily_transaction_amount", data type 8, in table "ZFLDB.dbo.Banks"
[DEBUG] [14:42:57.736] [JavaFX Application Thread] [] org.mybatis.generator.internal.db.DatabaseIntrospector.getColumns:563 --> Found column "FSum_transaction_amount", data type 8, in table "ZFLDB.dbo.Banks"
[DEBUG] [14:42:57.737] [JavaFX Application Thread] [] org.mybatis.generator.internal.db.DatabaseIntrospector.getColumns:563 --> Found column "R1", data type 12, in table "ZFLDB.dbo.Banks"
[DEBUG] [14:42:57.737] [JavaFX Application Thread] [] org.mybatis.generator.internal.db.DatabaseIntrospector.getColumns:563 --> Found column "R2", data type 12, in table "ZFLDB.dbo.Banks"
[INFO] [14:57:20.016] [JavaFX Application Thread] [] com.zzg.mybatis.generator.util.ConnectionManager.getConnection:20 --> database FilePath :F:\软件\mybatis-generator-gui\.\config\sqlite3.db
[INFO] [14:57:23.281] [JavaFX Application Thread] [] com.zzg.mybatis.generator.util.DbUtil.getConnectionUrlWithSchema:104 --> getConnectionUrlWithSchema, connection url: jdbc:sqlserver://47.92.74.25:1433;databaseName=ZFLDB
[INFO] [14:57:23.281] [JavaFX Application Thread] [] com.zzg.mybatis.generator.util.DbUtil.getTableNames:44 --> getTableNames, connection url: jdbc:sqlserver://47.92.74.25:1433;databaseName=ZFLDB
[INFO] [14:57:23.315] [JavaFX Application Thread] [] com.zzg.mybatis.generator.util.DbUtil.loadDbDriver:118 --> load driver class: SQLServerDriver:2
[INFO] [14:57:23.315] [JavaFX Application Thread] [] com.zzg.mybatis.generator.util.DbUtil.getConnectionUrlWithSchema:104 --> getConnectionUrlWithSchema, connection url: jdbc:sqlserver://47.92.74.25:1433;databaseName=ZFLDB
[INFO] [14:57:23.609] [JavaFX Application Thread] [] com.zzg.mybatis.generator.util.DbUtil.getConnection:38 --> getConnection, connection url: ConnectionID:1 ClientConnectionId: c5b5fffc-71b9-4417-8be1-1304e70e9f57
[INFO] [14:57:58.290] [JavaFX Application Thread] [] com.zzg.mybatis.generator.util.ConfigHelper.findConnectorLibPath:215 --> jar resource: jar:file:/F:/%e8%bd%af%e4%bb%b6/mybatis-generator-gui/mybatis-generator-gui.jar!/logback.xml
[INFO] [14:57:58.291] [JavaFX Application Thread] [] com.zzg.mybatis.generator.bridge.MybatisGeneratorBridge.generate:67 --> connectorLibPath: F:\软件\mybatis-generator-gui\lib\sqljdbc4-4.0.jar
[INFO] [14:57:58.292] [JavaFX Application Thread] [] com.zzg.mybatis.generator.util.DbUtil.getConnectionUrlWithSchema:104 --> getConnectionUrlWithSchema, connection url: jdbc:sqlserver://47.92.74.25:1433;databaseName=ZFLDB
[DEBUG] [14:57:58.462] [JavaFX Application Thread] [] org.mybatis.generator.logging.LogFactory.setImplementation:105 --> Logging initialized using 'org.mybatis.generator.logging.slf4j.Slf4jLoggingLogFactory@2cc5f7c5' adapter.
[DEBUG] [14:57:58.464] [JavaFX Application Thread] [] org.mybatis.generator.internal.db.DatabaseIntrospector.getColumns:506 --> Retrieving column information for table "ZFLDB..business_user"
[DEBUG] [14:57:58.538] [JavaFX Application Thread] [] org.mybatis.generator.internal.db.DatabaseIntrospector.getColumns:563 --> Found column "IId", data type 4, in table "ZFLDB.dbo.business_user"
[DEBUG] [14:57:58.539] [JavaFX Application Thread] [] org.mybatis.generator.internal.db.DatabaseIntrospector.getColumns:563 --> Found column "CCount", data type 12, in table "ZFLDB.dbo.business_user"
[DEBUG] [14:57:58.539] [JavaFX Application Thread] [] org.mybatis.generator.internal.db.DatabaseIntrospector.getColumns:563 --> Found column "CAgent_number", data type 12, in table "ZFLDB.dbo.business_user"
[DEBUG] [14:57:58.539] [JavaFX Application Thread] [] org.mybatis.generator.internal.db.DatabaseIntrospector.getColumns:563 --> Found column "CName", data type 12, in table "ZFLDB.dbo.business_user"
[DEBUG] [14:57:58.541] [JavaFX Application Thread] [] org.mybatis.generator.internal.db.DatabaseIntrospector.getColumns:563 --> Found column "CPassword", data type 12, in table "ZFLDB.dbo.business_user"
[DEBUG] [14:57:58.541] [JavaFX Application Thread] [] org.mybatis.generator.internal.db.DatabaseIntrospector.getColumns:563 --> Found column "CType", data type 12, in table "ZFLDB.dbo.business_user"
[DEBUG] [14:57:58.541] [JavaFX Application Thread] [] org.mybatis.generator.internal.db.DatabaseIntrospector.getColumns:563 --> Found column "groupid", data type 4, in table "ZFLDB.dbo.business_user"
[DEBUG] [14:57:58.541] [JavaFX Application Thread] [] org.mybatis.generator.internal.db.DatabaseIntrospector.getColumns:563 --> Found column "IStatus", data type 4, in table "ZFLDB.dbo.business_user"
[DEBUG] [14:57:58.541] [JavaFX Application Thread] [] org.mybatis.generator.internal.db.DatabaseIntrospector.getColumns:563 --> Found column "CEmail", data type 12, in table "ZFLDB.dbo.business_user"
[DEBUG] [14:57:58.541] [JavaFX Application Thread] [] org.mybatis.generator.internal.db.DatabaseIntrospector.getColumns:563 --> Found column "CCellphone", data type 12, in table "ZFLDB.dbo.business_user"
[DEBUG] [14:57:58.542] [JavaFX Application Thread] [] org.mybatis.generator.internal.db.DatabaseIntrospector.getColumns:563 --> Found column "CRegiste_time", data type 12, in table "ZFLDB.dbo.business_user"
[DEBUG] [14:57:58.542] [JavaFX Application Thread] [] org.mybatis.generator.internal.db.DatabaseIntrospector.getColumns:563 --> Found column "R1", data type 12, in table "ZFLDB.dbo.business_user"
[DEBUG] [14:57:58.542] [JavaFX Application Thread] [] org.mybatis.generator.internal.db.DatabaseIntrospector.getColumns:563 --> Found column "R2", data type 12, in table "ZFLDB.dbo.business_user"
[DEBUG] [14:57:58.543] [JavaFX Application Thread] [] org.mybatis.generator.internal.db.DatabaseIntrospector.getColumns:563 --> Found column "bu_level", data type 4, in table "ZFLDB.dbo.business_user"
[DEBUG] [14:57:58.543] [JavaFX Application Thread] [] org.mybatis.generator.internal.db.DatabaseIntrospector.getColumns:563 --> Found column "cParents_acount", data type 12, in table "ZFLDB.dbo.business_user"
[INFO] [14:58:04.646] [JavaFX Application Thread] [] com.zzg.mybatis.generator.util.ConfigHelper.findConnectorLibPath:215 --> jar resource: jar:file:/F:/%e8%bd%af%e4%bb%b6/mybatis-generator-gui/mybatis-generator-gui.jar!/logback.xml
[INFO] [14:58:04.647] [JavaFX Application Thread] [] com.zzg.mybatis.generator.bridge.MybatisGeneratorBridge.generate:67 --> connectorLibPath: F:\软件\mybatis-generator-gui\lib\sqljdbc4-4.0.jar
[INFO] [14:58:04.647] [JavaFX Application Thread] [] com.zzg.mybatis.generator.util.DbUtil.getConnectionUrlWithSchema:104 --> getConnectionUrlWithSchema, connection url: jdbc:sqlserver://47.92.74.25:1433;databaseName=ZFLDB
[DEBUG] [14:58:04.810] [JavaFX Application Thread] [] org.mybatis.generator.internal.db.DatabaseIntrospector.getColumns:506 --> Retrieving column information for table "ZFLDB..RSA"
[DEBUG] [14:58:04.920] [JavaFX Application Thread] [] org.mybatis.generator.internal.db.DatabaseIntrospector.getColumns:563 --> Found column "IId", data type 4, in table "ZFLDB.dbo.RSA"
[DEBUG] [14:58:04.921] [JavaFX Application Thread] [] org.mybatis.generator.internal.db.DatabaseIntrospector.getColumns:563 --> Found column "serverNum", data type 12, in table "ZFLDB.dbo.RSA"
[DEBUG] [14:58:04.922] [JavaFX Application Thread] [] org.mybatis.generator.internal.db.DatabaseIntrospector.getColumns:563 --> Found column "publicKey", data type 12, in table "ZFLDB.dbo.RSA"
[DEBUG] [14:58:04.923] [JavaFX Application Thread] [] org.mybatis.generator.internal.db.DatabaseIntrospector.getColumns:563 --> Found column "privateKey", data type 12, in table "ZFLDB.dbo.RSA"
[DEBUG] [14:58:04.924] [JavaFX Application Thread] [] org.mybatis.generator.internal.db.DatabaseIntrospector.getColumns:563 --> Found column "createTime", data type 12, in table "ZFLDB.dbo.RSA"
[DEBUG] [14:58:04.924] [JavaFX Application Thread] [] org.mybatis.generator.internal.db.DatabaseIntrospector.getColumns:563 --> Found column "R1", data type 12, in table "ZFLDB.dbo.RSA"
[DEBUG] [14:58:04.925] [JavaFX Application Thread] [] org.mybatis.generator.internal.db.DatabaseIntrospector.getColumns:563 --> Found column "R2", data type 12, in table "ZFLDB.dbo.RSA"
